<?xml version="1.0" encoding="UTF-8"?>
<!-- Generated by org.testng.reporters.JUnitReportReporter -->
<testsuite hostname="hp" failures="0" tests="1" name="day13.Waits" time="14.022" errors="0" timestamp="2023-01-05T00:10:32 IST" skipped="0">
  <testcase classname="day13.Waits" name="waitconcept" time="14.022"/>
  <system-out/>
</testsuite> <!-- day13.Waits -->
