<?xml version="1.0" encoding="UTF-8"?>
<!-- Generated by org.testng.reporters.JUnitReportReporter -->
<testsuite hostname="hp" failures="0" tests="1" name="day9.Assertion" time="6.742" errors="0" timestamp="2022-12-21T18:24:56 IST" skipped="0">
  <testcase classname="day9.Assertion" name="display" time="6.742"/>
  <system-out/>
</testsuite> <!-- day9.Assertion -->
