<?xml version="1.0" encoding="UTF-8"?>
<!-- Generated by org.testng.reporters.JUnitReportReporter -->
<testsuite hostname="hp" failures="0" tests="4" name="day9.Calculator_function" time="0.001" errors="0" timestamp="2022-12-22T12:09:15 IST" skipped="0">
  <testcase classname="day9.Calculator_function" name="Modulo" time="0.000"/>
  <system-out/>
  <testcase classname="day9.Calculator_function" name="Add" time="0.000"/>
  <system-out/>
  <testcase classname="day9.Calculator_function" name="Subtract" time="0.000"/>
  <system-out/>
  <testcase classname="day9.Calculator_function" name="MultipleFunction" time="0.001"/>
  <system-out/>
</testsuite> <!-- day9.Calculator_function -->
