<?xml version="1.0" encoding="UTF-8"?>
<!-- Generated by org.testng.reporters.JUnitReportReporter -->
<testsuite hostname="hp" failures="0" tests="1" name="day10.Sample" time="4.410" errors="0" timestamp="2022-12-22T15:09:22 IST" skipped="0">
  <testcase classname="day10.Sample" name="runtest2" time="4.410"/>
  <system-out/>
</testsuite> <!-- day10.Sample -->
