<?xml version="1.0" encoding="UTF-8"?>
<!-- Generated by org.testng.reporters.JUnitReportReporter -->
<testsuite hostname="hp" failures="0" tests="1" name="day13.HyperLink" time="6.184" errors="0" timestamp="2022-12-26T18:58:25 IST" skipped="0">
  <testcase classname="day13.HyperLink" name="hyper" time="6.184"/>
  <system-out/>
</testsuite> <!-- day13.HyperLink -->
