<?xml version="1.0" encoding="UTF-8"?>
<!-- Generated by org.testng.reporters.JUnitReportReporter -->
<testsuite hostname="hp" failures="0" tests="1" name="day12.Button" time="24.873" errors="0" timestamp="2022-12-24T22:45:18 IST" skipped="0">
  <testcase classname="day12.Button" name="button" time="24.873"/>
  <system-out/>
</testsuite> <!-- day12.Button -->
