<?xml version="1.0" encoding="UTF-8"?>
<!-- Generated by org.testng.reporters.JUnitReportReporter -->
<testsuite hostname="hp" failures="0" tests="1" name="day12.Checkbox" time="8.235" errors="0" timestamp="2022-12-26T22:04:07 IST" skipped="0">
  <testcase classname="day12.Checkbox" name="checkbox" time="8.235"/>
  <system-out/>
</testsuite> <!-- day12.Checkbox -->
