<?xml version="1.0" encoding="UTF-8"?>
<!-- Generated by org.testng.reporters.JUnitReportReporter -->
<testsuite hostname="hp" failures="0" tests="1" name="day10.Home" time="6.457" errors="0" timestamp="2022-12-22T15:35:02 IST" skipped="0">
  <testcase classname="day10.Home" name="Leafground" time="6.457"/>
  <system-out/>
</testsuite> <!-- day10.Home -->
