<?xml version="1.0" encoding="UTF-8"?>
<!-- Generated by org.testng.reporters.JUnitReportReporter -->
<testsuite hostname="hp" failures="0" tests="1" name="day10.Screenshot" time="11.058" errors="0" timestamp="2022-12-23T10:34:56 IST" skipped="0">
  <testcase classname="day10.Screenshot" name="image" time="11.058"/>
  <system-out/>
</testsuite> <!-- day10.Screenshot -->
