<?xml version="1.0" encoding="UTF-8"?>
<!-- Generated by org.testng.reporters.JUnitReportReporter -->
<testsuite hostname="hp" failures="0" tests="3" name="day8.Dependson" time="0.007" errors="0" timestamp="2022-12-21T11:47:08 IST" skipped="0">
  <testcase classname="day8.Dependson" name="Multiplication" time="0.001"/>
  <system-out/>
  <testcase classname="day8.Dependson" name="Addition" time="0.005"/>
  <system-out/>
  <testcase classname="day8.Dependson" name="Subtraction" time="0.001"/>
  <system-out/>
</testsuite> <!-- day8.Dependson -->
