<?xml version="1.0" encoding="UTF-8"?>
<!-- Generated by org.testng.reporters.JUnitReportReporter -->
<testsuite hostname="hp" failures="0" tests="3" name="day8.Testng" time="0.007" errors="0" timestamp="2022-12-20T20:12:13 IST" skipped="0">
  <testcase classname="day8.Testng" name="case0" time="0.004"/>
  <system-out/>
  <testcase classname="day8.Testng" name="case1" time="0.001"/>
  <system-out/>
  <testcase classname="day8.Testng" name="case2" time="0.002"/>
  <system-out/>
</testsuite> <!-- day8.Testng -->
