<?xml version="1.0" encoding="UTF-8"?>
<!-- Generated by org.testng.reporters.JUnitReportReporter -->
<testsuite hostname="hp" failures="0" tests="4" name="day10.Browser" time="54.993" errors="0" timestamp="2022-12-23T22:21:20 IST" skipped="0">
  <testcase classname="day10.Browser" name="alert" time="5.736"/>
  <system-out/>
  <testcase classname="day10.Browser" name="browser" time="23.974"/>
  <system-out/>
  <testcase classname="day10.Browser" name="frames" time="5.529"/>
  <system-out/>
  <testcase classname="day10.Browser" name="window" time="19.754"/>
  <system-out/>
</testsuite> <!-- day10.Browser -->
