<?xml version="1.0" encoding="UTF-8"?>
<!-- Generated by org.testng.reporters.JUnitReportReporter -->
<testsuite hostname="hp" failures="0" tests="1" name="day10.Home" time="7.611" errors="0" timestamp="2023-01-05T00:10:32 IST" skipped="0">
  <testcase classname="day10.Home" name="home" time="7.611"/>
  <system-out/>
</testsuite> <!-- day10.Home -->
