<?xml version="1.0" encoding="UTF-8"?>
<!-- Generated by org.testng.reporters.JUnitReportReporter -->
<testsuite hostname="hp" failures="0" tests="3" name="day9.Amazon" time="11.960" errors="0" timestamp="2022-12-21T14:00:15 IST" skipped="0">
  <testcase classname="day9.Amazon" name="Website" time="3.360"/>
  <system-out/>
  <testcase classname="day9.Amazon" name="search" time="4.065"/>
  <system-out/>
  <testcase classname="day9.Amazon" name="list" time="4.535"/>
  <system-out/>
</testsuite> <!-- day9.Amazon -->
