<?xml version="1.0" encoding="UTF-8"?>
<!-- Generated by org.testng.reporters.JUnitReportReporter -->
<testsuite hostname="hp" failures="0" tests="1" name="day13.Waits" time="18.179" errors="0" timestamp="2022-12-26T21:56:24 IST" skipped="0">
  <testcase classname="day13.Waits" name="waitconcept" time="18.179"/>
  <system-out/>
</testsuite> <!-- day13.Waits -->
