<?xml version="1.0" encoding="UTF-8"?>
<!-- Generated by org.testng.reporters.JUnitReportReporter -->
<testsuite hostname="hp" failures="0" tests="1" name="day10.TeastLeaf" time="5.479" errors="0" timestamp="2022-12-22T14:37:41 IST" skipped="0">
  <testcase classname="day10.TeastLeaf" name="Leafground" time="5.479"/>
  <system-out/>
</testsuite> <!-- day10.TeastLeaf -->
