<?xml version="1.0" encoding="UTF-8"?>
<!-- Generated by org.testng.reporters.JUnitReportReporter -->
<testsuite hostname="hp" failures="0" tests="1" name="day12.TextBox" time="7.157" errors="0" timestamp="2023-01-05T00:10:32 IST" skipped="0">
  <testcase classname="day12.TextBox" name="textbox" time="7.157"/>
  <system-out/>
</testsuite> <!-- day12.TextBox -->
