<?xml version="1.0" encoding="UTF-8"?>
<!-- Generated by org.testng.reporters.JUnitReportReporter -->
<testsuite hostname="hp" failures="0" tests="3" name="day8.Suit" time="42.084" errors="0" timestamp="2022-12-20T22:48:11 IST" skipped="0">
  <testcase classname="day8.Suit" name="Google" time="9.087"/>
  <system-out/>
  <testcase classname="day8.Suit" name="Bing" time="3.968"/>
  <system-out/>
  <testcase classname="day8.Suit" name="Yahoo" time="29.029"/>
  <system-out/>
</testsuite> <!-- day8.Suit -->
