<?xml version="1.0" encoding="UTF-8"?>
<!-- Generated by org.testng.reporters.JUnitReportReporter -->
<testsuite hostname="hp" failures="0" tests="3" name="day8.Suit" time="4.683" errors="0" timestamp="2022-12-22T12:09:15 IST" skipped="0">
  <testcase classname="day8.Suit" name="Google" time="1.763"/>
  <system-out/>
  <testcase classname="day8.Suit" name="Yahoo" time="2.201"/>
  <system-out/>
  <testcase classname="day8.Suit" name="Bing" time="0.719"/>
  <system-out/>
</testsuite> <!-- day8.Suit -->
