<?xml version="1.0" encoding="UTF-8"?>
<!-- Generated by org.testng.reporters.JUnitReportReporter -->
<testsuite hostname="hp" failures="0" tests="1" name="day13.RadioButton" time="5.062" errors="0" timestamp="2023-01-05T00:10:32 IST" skipped="0">
  <testcase classname="day13.RadioButton" name="radio" time="5.062"/>
  <system-out/>
</testsuite> <!-- day13.RadioButton -->
