<?xml version="1.0" encoding="UTF-8"?>
<!-- Generated by org.testng.reporters.JUnitReportReporter -->
<testsuite hostname="hp" failures="0" tests="2" name="day9.Website" time="31.466" errors="0" timestamp="2022-12-21T16:06:24 IST" skipped="0">
  <testcase classname="day9.Website" name="ajio" time="17.957"/>
  <system-out/>
  <testcase classname="day9.Website" name="amazon" time="13.509"/>
  <system-out/>
</testsuite> <!-- day9.Website -->
