<?xml version="1.0" encoding="UTF-8"?>
<!-- Generated by org.testng.reporters.JUnitReportReporter -->
<testsuite hostname="hp" failures="0" tests="1" name="day13.Waits" time="7.391" errors="0" timestamp="2022-12-27T11:49:19 IST" skipped="0">
  <testcase classname="day13.Waits" name="waitconcept" time="7.391"/>
  <system-out/>
</testsuite> <!-- day13.Waits -->
