<?xml version="1.0" encoding="UTF-8"?>
<!-- Generated by org.testng.reporters.JUnitReportReporter -->
<testsuite hostname="hp" failures="0" tests="5" name="day8.Order_of_Execution" time="0.006" errors="0" timestamp="2022-12-20T20:38:33 IST" skipped="0">
  <testcase classname="day8.Order_of_Execution" name="Start" time="0.004"/>
  <system-out/>
  <testcase classname="day8.Order_of_Execution" name="First" time="0.001"/>
  <system-out/>
  <testcase classname="day8.Order_of_Execution" name="Second" time="0.000"/>
  <system-out/>
  <testcase classname="day8.Order_of_Execution" name="Third" time="0.001"/>
  <system-out/>
  <testcase classname="day8.Order_of_Execution" name="Fourth" time="0.000"/>
  <system-out/>
</testsuite> <!-- day8.Order_of_Execution -->
