<?xml version="1.0" encoding="UTF-8"?>
<!-- Generated by org.testng.reporters.JUnitReportReporter -->
<testsuite hostname="hp" failures="0" tests="5" name="day8.Skip_Test" time="0.002" errors="0" timestamp="2022-12-22T12:09:15 IST" skipped="1">
  <testcase classname="day8.Skip_Test" name="Add" time="0.001"/>
  <system-out/>
  <testcase classname="day8.Skip_Test" name="Subtract" time="0.001"/>
  <system-out/>
  <testcase classname="day8.Skip_Test" name="Multipli" time="0.000"/>
  <system-out/>
  <testcase classname="day8.Skip_Test" name="Divide" time="0.000"/>
  <system-out/>
  <testcase classname="day8.Skip_Test" name="Modulo">
    <skipped/>
  </testcase> <!-- Modulo -->
  <system-out/>
</testsuite> <!-- day8.Skip_Test -->
