<?xml version="1.0" encoding="UTF-8"?>
<!-- Generated by org.testng.reporters.JUnitReportReporter -->
<testsuite hostname="hp" failures="0" tests="1" name="day12.TextBox" time="55.601" errors="0" timestamp="2022-12-24T13:34:23 IST" skipped="0">
  <testcase classname="day12.TextBox" name="textbox" time="55.601"/>
  <system-out/>
</testsuite> <!-- day12.TextBox -->
