<?xml version="1.0" encoding="UTF-8"?>
<!-- Generated by org.testng.reporters.JUnitReportReporter -->
<testsuite hostname="hp" failures="0" tests="1" name="day11.RadioButton" time="16.855" errors="0" timestamp="2022-12-24T00:19:51 IST" skipped="0">
  <testcase classname="day11.RadioButton" name="radiobutton" time="16.855"/>
  <system-out/>
</testsuite> <!-- day11.RadioButton -->
