<?xml version="1.0" encoding="UTF-8"?>
<!-- Generated by org.testng.reporters.JUnitReportReporter -->
<testsuite hostname="hp" failures="0" tests="3" name="day9.Amazon" time="13.281" errors="0" timestamp="2022-12-22T12:09:15 IST" skipped="0">
  <testcase classname="day9.Amazon" name="Website" time="6.912"/>
  <system-out/>
  <testcase classname="day9.Amazon" name="search" time="3.123"/>
  <system-out/>
  <testcase classname="day9.Amazon" name="list" time="3.246"/>
  <system-out/>
</testsuite> <!-- day9.Amazon -->
