<?xml version="1.0" encoding="UTF-8"?>
<!-- Generated by org.testng.reporters.JUnitReportReporter -->
<testsuite hostname="hp" failures="0" tests="5" name="batchrun.Browser" time="10.340" errors="0" timestamp="2022-12-23T23:28:31 IST" skipped="3">
  <testcase classname="batchrun.Browser" name="browser" time="6.662"/>
  <system-out/>
  <testcase classname="batchrun.Browser" name="drop" time="3.678"/>
  <system-out/>
  <testcase classname="batchrun.Browser" name="frames">
    <skipped/>
  </testcase> <!-- frames -->
  <system-out/>
  <testcase classname="batchrun.Browser" name="alert">
    <skipped/>
  </testcase> <!-- alert -->
  <system-out/>
  <testcase classname="batchrun.Browser" name="window">
    <skipped/>
  </testcase> <!-- window -->
  <system-out/>
</testsuite> <!-- batchrun.Browser -->
