<?xml version="1.0" encoding="UTF-8"?>
<!-- Generated by org.testng.reporters.JUnitReportReporter -->
<testsuite hostname="hp" failures="0" tests="1" name="day9.Annotation" time="2.986" errors="0" timestamp="2022-12-21T19:36:09 IST" skipped="0">
  <testcase classname="day9.Annotation" name="function" time="2.986"/>
  <system-out/>
</testsuite> <!-- day9.Annotation -->
